  aiplayer.cpp
  button.cpp
c:\users\piotr\source\repos\projektcpp\projektcpp\controls\button.cpp(27): warning C4244: "inicjowanie": konwersja z "std::streamoff" do "int", możliwa utrata danych
c:\users\piotr\source\repos\projektcpp\projektcpp\controls\button.cpp(79): warning C4244: "argument": konwersja z "const T" do "T", możliwa utrata danych
          with
          [
              T=int
          ]
          and
          [
              T=float
          ]
c:\users\piotr\source\repos\projektcpp\projektcpp\controls\button.cpp(104): warning C4244: "argument": konwersja z "const T" do "T", możliwa utrata danych
          with
          [
              T=int
          ]
          and
          [
              T=float
          ]
  textbox.cpp
c:\users\piotr\source\repos\projektcpp\projektcpp\controls\textbox.cpp(27): warning C4244: "inicjowanie": konwersja z "std::streamoff" do "int", możliwa utrata danych
c:\users\piotr\source\repos\projektcpp\projektcpp\controls\textbox.cpp(80): warning C4244: "argument": konwersja z "const T" do "T", możliwa utrata danych
          with
          [
              T=int
          ]
          and
          [
              T=float
          ]
  extendedpreset.cpp
  gameui.cpp
c:\users\piotr\source\repos\projektcpp\projektcpp\gameui.cpp(129): warning C4244: "argument": konwersja z "unsigned int" do "float", możliwa utrata danych
  localplayer.cpp
  shiptemplate.cpp
  gameboard.cpp
  gamecontroller.cpp
  gamepreset.cpp
  player.cpp
  ship.cpp
  interface.cpp
  interface_control.cpp
  main.cpp
  program.cpp
  tile.cpp
  Trwa generowanie kodu
  1356 of 2278 functions (59.5%) were compiled, the rest were copied from previous compilation.
    779 functions were new in current compilation
    150 functions had inline decision re-evaluated but remain unchanged
  Zakończono generowanie kodu
  projektcpp.vcxproj -> C:\Users\Piotr\source\repos\projektcpp\Release\projektcpp.exe
