c:\users\piotr\source\repos\projektcpp\projektcpp\release\vc141.pdb
c:\users\piotr\source\repos\projektcpp\projektcpp\release\tile.obj
c:\users\piotr\source\repos\projektcpp\projektcpp\release\resourceloader.obj
c:\users\piotr\source\repos\projektcpp\projektcpp\release\program.obj
c:\users\piotr\source\repos\projektcpp\projektcpp\release\main.obj
c:\users\piotr\source\repos\projektcpp\projektcpp\release\interface_control.obj
c:\users\piotr\source\repos\projektcpp\projektcpp\release\interface.obj
c:\users\piotr\source\repos\projektcpp\projektcpp\release\ship.obj
c:\users\piotr\source\repos\projektcpp\projektcpp\release\player.obj
c:\users\piotr\source\repos\projektcpp\projektcpp\release\gamepreset.obj
c:\users\piotr\source\repos\projektcpp\projektcpp\release\gamecontroller.obj
c:\users\piotr\source\repos\projektcpp\projektcpp\release\gameboard.obj
c:\users\piotr\source\repos\projektcpp\projektcpp\release\shiptemplate.obj
c:\users\piotr\source\repos\projektcpp\projektcpp\release\localplayer.obj
c:\users\piotr\source\repos\projektcpp\projektcpp\release\textbox.obj
c:\users\piotr\source\repos\projektcpp\projektcpp\release\button.obj
c:\users\piotr\source\repos\projektcpp\projektcpp\release\aiplayer.obj
c:\users\piotr\source\repos\projektcpp\release\projektcpp.exe
c:\users\piotr\source\repos\projektcpp\release\projektcpp.pdb
c:\users\piotr\source\repos\projektcpp\release\projektcpp.ipdb
c:\users\piotr\source\repos\projektcpp\release\projektcpp.iobj
c:\users\piotr\source\repos\projektcpp\projektcpp\release\projektcpp.tlog\cl.command.1.tlog
c:\users\piotr\source\repos\projektcpp\projektcpp\release\projektcpp.tlog\cl.read.1.tlog
c:\users\piotr\source\repos\projektcpp\projektcpp\release\projektcpp.tlog\cl.write.1.tlog
c:\users\piotr\source\repos\projektcpp\projektcpp\release\projektcpp.tlog\link.command.1.tlog
c:\users\piotr\source\repos\projektcpp\projektcpp\release\projektcpp.tlog\link.read.1.tlog
c:\users\piotr\source\repos\projektcpp\projektcpp\release\projektcpp.tlog\link.write.1.tlog
c:\users\piotr\source\repos\projektcpp\projektcpp\release\projektcpp.tlog\projektcpp.write.1u.tlog
